\BOOKMARK [1][-]{section.1}{\376\377\133\236\232\214\166\356\166\204}{}% 1
\BOOKMARK [1][-]{section.2}{\376\377\133\236\232\214\123\237\164\006\000\050\200\314\146\157\167\345\213\306\000\051}{}% 2
\BOOKMARK [2][-]{subsection.2.1}{\376\377\146\166\117\123\173\241}{section.2}% 3
\BOOKMARK [2][-]{subsection.2.2}{\376\377\220\073\217\221\210\150\217\276\137\017}{section.2}% 4
\BOOKMARK [2][-]{subsection.2.3}{\376\377\000L\000o\000g\000i\000s\000i\000m\000\040\166\204\127\372\170\100\117\177\165\050}{section.2}% 5
\BOOKMARK [1][-]{section.3}{\376\377\133\236\232\214\163\257\130\203\000/\126\150\147\120}{}% 6
\BOOKMARK [1][-]{section.4}{\376\377\133\236\232\214\121\205\133\271}{}% 7
\BOOKMARK [2][-]{subsection.4.1}{\376\377\122\051\165\050\146\166\117\123\173\241\147\204\136\372\142\026\225\350}{section.4}% 8
\BOOKMARK [3][-]{subsubsection.4.1.1}{\376\377\133\236\232\214\123\237\164\006}{subsection.4.1}% 9
\BOOKMARK [3][-]{subsubsection.4.1.2}{\376\377\133\236\232\214\153\145\232\244}{subsection.4.1}% 10
\BOOKMARK [3][-]{subsubsection.4.1.3}{\376\377\116\377\167\037\232\214\213\301}{subsection.4.1}% 11
\BOOKMARK [3][-]{subsubsection.4.1.4}{\376\377\133\236\232\214\176\323\147\234}{subsection.4.1}% 12
\BOOKMARK [2][-]{subsection.4.2}{\376\377\123\314\143\247\137\000\121\163}{section.4}% 13
\BOOKMARK [3][-]{subsubsection.4.2.1}{\376\377\133\236\232\214\123\237\164\006}{subsection.4.2}% 14
\BOOKMARK [3][-]{subsubsection.4.2.2}{\376\377\133\236\232\214\153\145\232\244}{subsection.4.2}% 15
\BOOKMARK [3][-]{subsubsection.4.2.3}{\376\377\116\377\167\037\232\214\213\301}{subsection.4.2}% 16
\BOOKMARK [3][-]{subsubsection.4.2.4}{\376\377\133\236\232\214\176\323\147\234}{subsection.4.2}% 17
\BOOKMARK [2][-]{subsection.4.3}{\376\377\131\032\145\160\210\150\121\263\126\150}{section.4}% 18
\BOOKMARK [3][-]{subsubsection.4.3.1}{\376\377\133\236\232\214\123\237\164\006}{subsection.4.3}% 19
\BOOKMARK [3][-]{subsubsection.4.3.2}{\376\377\133\236\232\214\153\145\232\244}{subsection.4.3}% 20
\BOOKMARK [3][-]{subsubsection.4.3.3}{\376\377\116\377\167\037\232\214\213\301}{subsection.4.3}% 21
\BOOKMARK [3][-]{subsubsection.4.3.4}{\376\377\133\236\232\214\176\323\147\234}{subsection.4.3}% 22
\BOOKMARK [1][-]{section.5}{\376\377\133\236\232\214\116\055\220\107\122\060\166\204\225\356\230\230\124\214\211\343\121\263\166\204\122\236\154\325}{}% 23
\BOOKMARK [2][-]{subsection.5.1}{\376\377\147\054\127\060\116\377\167\037\152\041\142\337\116\016\136\163\123\360\116\012\217\320\210\114\116\015\116\000\201\364}{section.5}% 24
